----------------------------------------------------------------------------------
      name:  <unnamed>
       log:  \\R01SFCHSM03.r01.med.va.gov\homedir$\VHASFCEspejE\My Documents\Githu
> b\geriatricsresearch-smoking-cessation\aim-1\scripts\../tables/catMarginsAge.log
  log type:  text
 opened on:  16 Mar 2022, 14:58:46

. margins AGE_CAT#i.YEAR

Adjusted predictions

Number of strata =  80                           Number of obs   =     269,543
Number of PSUs   = 160                           Population size = 852,048,441
                                                 Subpop. no. obs =     189,798
                                                 Subpop. size    =           .
Model VCE: Linearized                            Design df       =          80

Expression: Pr(SMOKEN), predict()

------------------------------------------------------------------------------
             |            Delta-method
             |     Margin   std. err.      t    P>|t|     [95% conf. interval]
-------------+----------------------------------------------------------------
AGE_CAT#YEAR |
     1 1998  |   .2282823   .0055537    41.10   0.000     .2172301    .2393345
     1 2000  |   .2120554   .0057298    37.01   0.000     .2006527    .2234581
     1 2002  |   .1992595   .0064197    31.04   0.000      .186484    .2120351
     1 2004  |   .2075496   .0055382    37.48   0.000     .1965283    .2185709
     1 2006  |   .1962093   .0057529    34.11   0.000     .1847607    .2076579
     1 2008  |    .190929   .0058587    32.59   0.000     .1792698    .2025881
     1 2010  |   .1958313   .0052549    37.27   0.000     .1853738    .2062888
     1 2012  |   .1890191   .0056052    33.72   0.000     .1778643    .2001739
     1 2014  |   .1722028   .0053817    32.00   0.000     .1614928    .1829128
     1 2016  |   .1714205   .0055857    30.69   0.000     .1603046    .1825364
     1 2018  |   .1571964   .0062098    25.31   0.000     .1448385    .1695544
     2 1998  |   .1498771   .0064033    23.41   0.000      .137134    .1626201
     2 2000  |   .1382252   .0061793    22.37   0.000      .125928    .1505225
     2 2002  |   .1291542   .0066231    19.50   0.000     .1159737    .1423347
     2 2004  |   .1350194   .0054607    24.73   0.000     .1241523    .1458864
     2 2006  |   .1270069   .0055593    22.85   0.000     .1159436    .1380702
     2 2008  |   .1233032   .0051458    23.96   0.000     .1130627    .1335437
     2 2010  |   .1267412   .0049311    25.70   0.000      .116928    .1365544
     2 2012  |   .1219678   .0044629    27.33   0.000     .1130864    .1308493
     2 2014  |   .1103055   .0043566    25.32   0.000     .1016357    .1189753
     2 2016  |   .1097671   .0041828    26.24   0.000      .101443    .1180912
     2 2018  |   .1000412   .0045794    21.85   0.000     .0909279    .1091545
     3 1998  |   .0779445   .0037548    20.76   0.000     .0704723    .0854167
     3 2000  |   .0714151   .0035544    20.09   0.000     .0643417    .0784886
     3 2002  |   .0663907   .0037249    17.82   0.000     .0589779    .0738035
     3 2004  |   .0696336   .0031603    22.03   0.000     .0633443    .0759228
     3 2006  |   .0652088   .0031335    20.81   0.000     .0589728    .0714447
     3 2008  |   .0631768   .0027427    23.03   0.000     .0577186     .068635
     3 2010  |   .0650627   .0027322    23.81   0.000     .0596255    .0704999
     3 2012  |   .0624462   .0026508    23.56   0.000     .0571709    .0677214
     3 2014  |   .0561115   .0023578    23.80   0.000     .0514192    .0608038
     3 2016  |    .055821   .0024615    22.68   0.000     .0509224    .0607196
     3 2018  |   .0506033   .0027006    18.74   0.000     .0452289    .0559778
     4 1998  |   .0278056   .0037853     7.35   0.000     .0202727    .0353385
     4 2000  |   .0253608   .0035657     7.11   0.000     .0182649    .0324567
     4 2002  |   .0234946   .0033973     6.92   0.000     .0167337    .0302554
     4 2004  |   .0246976   .0032777     7.54   0.000     .0181749    .0312203
     4 2006  |   .0230574   .0031511     7.32   0.000     .0167866    .0293283
     4 2008  |   .0223076   .0029321     7.61   0.000     .0164725    .0281427
     4 2010  |   .0230035   .0029176     7.88   0.000     .0171974    .0288096
     4 2012  |   .0220385   .0026995     8.16   0.000     .0166663    .0274107
     4 2014  |   .0197167    .002427     8.12   0.000     .0148868    .0245465
     4 2016  |   .0196107   .0024991     7.85   0.000     .0146373     .024584
     4 2018  |   .0177141   .0023471     7.55   0.000     .0130433     .022385
------------------------------------------------------------------------------

. log close
      name:  <unnamed>
       log:  \\R01SFCHSM03.r01.med.va.gov\homedir$\VHASFCEspejE\My Documents\Githu
> b\geriatricsresearch-smoking-cessation\aim-1\scripts\../tables/catMarginsAge.log
  log type:  text
 closed on:  16 Mar 2022, 14:58:57
----------------------------------------------------------------------------------
