--------------------------------------------------------------------------------------------------------------------
      name:  <unnamed>
       log:  \\R01SFCHSM03.r01.med.va.gov\homedir$\VHASFCEspejE\My Documents\Github\geriatricsresearch-smoking-cessa
> tion\revision\aim-1\scripts\../tables/rr-catMarginsAge.log
  log type:  text
 opened on:   7 Oct 2022, 12:03:40

. margins AGE_CAT#i.YEAR

Adjusted predictions

Number of strata =  80                           Number of obs   =     176,622
Number of PSUs   = 160                           Population size = 771,169,905
Model VCE: Linearized                            Design df       =          80

Expression: Pr(SMOKEN), predict()

------------------------------------------------------------------------------
             |            Delta-method
             |     Margin   std. err.      t    P>|t|     [95% conf. interval]
-------------+----------------------------------------------------------------
AGE_CAT#YEAR |
     1 1998  |   .2174094   .0044164    49.23   0.000     .2086205    .2261983
     1 2000  |   .2048263   .0058631    34.93   0.000     .1931583    .2164943
     1 2002  |   .1965207   .0064514    30.46   0.000     .1836821    .2093594
     1 2004  |   .2007376   .0062224    32.26   0.000     .1883545    .2131206
     1 2006  |    .193031   .0063281    30.50   0.000     .1804377    .2056242
     1 2008  |   .1872808   .0058084    32.24   0.000     .1757218    .1988399
     1 2010  |   .1824238   .0054198    33.66   0.000      .171638    .1932096
     1 2012  |   .1819549   .0054656    33.29   0.000      .171078    .1928318
     1 2014  |   .1690874   .0050327    33.60   0.000     .1590719    .1791028
     1 2016  |   .1687908   .0055207    30.57   0.000     .1578043    .1797773
     1 2018  |   .1552678   .0060326    25.74   0.000     .1432626    .1672731
     2 1998  |   .1465145   .0054226    27.02   0.000     .1357232    .1573058
     2 2000  |   .1373147   .0063088    21.77   0.000     .1247597    .1498696
     2 2002  |   .1312947   .0064471    20.36   0.000     .1184645    .1441248
     2 2004  |   .1343459   .0060268    22.29   0.000     .1223522    .1463397
     2 2006  |   .1287775   .0059316    21.71   0.000     .1169732    .1405818
     2 2008  |   .1246458   .0052035    23.95   0.000     .1142905     .135001
     2 2010  |    .121171   .0052294    23.17   0.000     .1107641    .1315779
     2 2012  |   .1208362   .0045579    26.51   0.000     .1117656    .1299068
     2 2014  |   .1117007   .0043113    25.91   0.000      .103121    .1202804
     2 2016  |   .1114913    .004295    25.96   0.000      .102944    .1200386
     2 2018  |   .1019957   .0046977    21.71   0.000     .0926469    .1113444
     3 1998  |    .076095   .0034341    22.16   0.000     .0692608    .0829291
     3 2000  |   .0709493   .0037074    19.14   0.000     .0635714    .0783272
     3 2002  |   .0676108     .00368    18.37   0.000     .0602873    .0749343
     3 2004  |   .0693001   .0034485    20.10   0.000     .0624373    .0761629
     3 2006  |   .0662215   .0033429    19.81   0.000      .059569     .072874
     3 2008  |   .0639495   .0027946    22.88   0.000      .058388    .0695109
     3 2010  |   .0620468   .0025283    24.54   0.000     .0570154    .0670782
     3 2012  |   .0618639   .0026636    23.23   0.000     .0565632    .0671646
     3 2014  |   .0568983   .0024274    23.44   0.000     .0520676     .061729
     3 2016  |   .0567851   .0024824    22.88   0.000      .051845    .0617252
     3 2018  |   .0516777   .0027757    18.62   0.000     .0461539    .0572016
     4 1998  |   .0270962   .0036834     7.36   0.000      .019766    .0344264
     4 2000  |   .0251736   .0035909     7.01   0.000     .0180275    .0323196
     4 2002  |   .0239336   .0034153     7.01   0.000     .0171369    .0307303
     4 2004  |   .0245603   .0033889     7.25   0.000     .0178163    .0313044
     4 2006  |   .0234192   .0032192     7.27   0.000     .0170128    .0298257
     4 2008  |   .0225802   .0029476     7.66   0.000     .0167143    .0284461
     4 2010  |   .0218796   .0027465     7.97   0.000      .016414    .0273453
     4 2012  |   .0218124   .0026795     8.14   0.000       .01648    .0271447
     4 2014  |   .0199931   .0024636     8.12   0.000     .0150903    .0248958
     4 2016  |   .0199517   .0025295     7.89   0.000     .0149179    .0249856
     4 2018  |   .0180937   .0023939     7.56   0.000     .0133297    .0228576
------------------------------------------------------------------------------

. log close
      name:  <unnamed>
       log:  \\R01SFCHSM03.r01.med.va.gov\homedir$\VHASFCEspejE\My Documents\Github\geriatricsresearch-smoking-cessa
> tion\revision\aim-1\scripts\../tables/rr-catMarginsAge.log
  log type:  text
 closed on:   7 Oct 2022, 12:03:51
--------------------------------------------------------------------------------------------------------------------
