--------------------------------------------------------------------------------------------------------------------
      name:  <unnamed>
       log:  \\R01SFCHSM03.r01.med.va.gov\homedir$\VHASFCEspejE\My Documents\Github\geriatricsresearch-smoking-cessa
> tion\revision\aim-1\scripts\../tables/rr-catMarginsGender.log
  log type:  text
 opened on:   7 Oct 2022, 12:09:47

. margins i.GENDER#i.YEAR

Adjusted predictions

Number of strata =  80                           Number of obs   =     176,622
Number of PSUs   = 160                           Population size = 771,169,905
Model VCE: Linearized                            Design df       =          80

Expression: Pr(SMOKEN), predict()

------------------------------------------------------------------------------
             |            Delta-method
             |     Margin   std. err.      t    P>|t|     [95% conf. interval]
-------------+----------------------------------------------------------------
 GENDER#YEAR |
     1 1998  |   .1726193   .0045384    38.04   0.000     .1635876    .1816511
     1 2000  |   .1614832    .005658    28.54   0.000     .1502234     .172743
     1 2002  |   .1555094   .0060051    25.90   0.000     .1435588      .16746
     1 2004  |    .161078   .0058574    27.50   0.000     .1494215    .1727345
     1 2006  |   .1553983   .0056457    27.53   0.000      .144163    .1666335
     1 2008  |   .1505151   .0052919    28.44   0.000     .1399838    .1610463
     1 2010  |   .1475578   .0053037    27.82   0.000     .1370032    .1581125
     1 2012  |   .1472272   .0048685    30.24   0.000     .1375385    .1569158
     1 2014  |   .1366015   .0044248    30.87   0.000      .127796    .1454071
     1 2016  |   .1371917   .0046119    29.75   0.000     .1280137    .1463697
     1 2018  |   .1232051   .0051774    23.80   0.000     .1129017    .1335086
     2 1998  |   .1441397   .0045164    31.91   0.000     .1351517    .1531277
     2 2000  |   .1345422   .0054825    24.54   0.000     .1236316    .1454528
     2 2002  |   .1294112   .0057631    22.46   0.000     .1179422    .1408802
     2 2004  |   .1341938   .0054302    24.71   0.000     .1233873    .1450003
     2 2006  |   .1293158   .0055359    23.36   0.000      .118299    .1403327
     2 2008  |   .1251308   .0048079    26.03   0.000     .1155629    .1346988
     2 2010  |   .1226004   .0046797    26.20   0.000     .1132874    .1319133
     2 2012  |   .1223176    .004346    28.14   0.000     .1136688    .1309664
     2 2014  |    .113251   .0041727    27.14   0.000      .104947     .121555
     2 2016  |   .1137535   .0043602    26.09   0.000     .1050764    .1224307
     2 2018  |   .1018743   .0043077    23.65   0.000     .0933018    .1104469
------------------------------------------------------------------------------

. log close
      name:  <unnamed>
       log:  \\R01SFCHSM03.r01.med.va.gov\homedir$\VHASFCEspejE\My Documents\Github\geriatricsresearch-smoking-cessa
> tion\revision\aim-1\scripts\../tables/rr-catMarginsGender.log
  log type:  text
 closed on:   7 Oct 2022, 12:09:53
--------------------------------------------------------------------------------------------------------------------
